# JRE version: OpenJDK Runtime Environment (8.0_76-b03) (build 1.8.0_76-release-b03)
# Java VM: OpenJDK 64-Bit Server VM (25.76-b03 mixed mode windows-amd64 compressed oops)
Heap:
 PSYoungGen      total 198656K, used 52047K [0x00000000e0000000, 0x00000000edf00000, 0x0000000100000000)
  eden space 174080K, 16% used [0x00000000e0000000,0x00000000e1cdacb0,0x00000000eaa00000)
  from space 24576K, 91% used [0x00000000ec480000,0x00000000eda791c8,0x00000000edc80000)
  to   space 27136K, 0% used [0x00000000eaa00000,0x00000000eaa00000,0x00000000ec480000)
 ParOldGen       total 150016K, used 33984K [0x00000000a0000000, 0x00000000a9280000, 0x00000000e0000000)
  object space 150016K, 22% used [0x00000000a0000000,0x00000000a2130128,0x00000000a9280000)
 Metaspace       used 63372K, capacity 64998K, committed 65152K, reserved 1105920K
  class space    used 8173K, capacity 8524K, committed 8576K, reserved 1048576K
GC Heap History (10 events):
Event: 22.066 GC heap before
{Heap before GC invocations=17 (full 2):
 PSYoungGen      total 156160K, used 156128K [0x00000000e0000000, 0x00000000ebb00000, 0x0000000100000000)
  eden space 138752K, 100% used [0x00000000e0000000,0x00000000e8780000,0x00000000e8780000)
  from space 17408K, 99% used [0x00000000e9d00000,0x00000000eadf8320,0x00000000eae00000)
  to   space 22016K, 0% used [0x00000000e8780000,0x00000000e8780000,0x00000000e9d00000)
 ParOldGen       total 100864K, used 28414K [0x00000000a0000000, 0x00000000a6280000, 0x00000000e0000000)
  object space 100864K, 28% used [0x00000000a0000000,0x00000000a1bbfbf0,0x00000000a6280000)
 Metaspace       used 57618K, capacity 59034K, committed 59136K, reserved 1099776K
  class space    used 7614K, capacity 7916K, committed 7936K, reserved 1048576K
Event: 22.081 GC heap after
Heap after GC invocations=17 (full 2):
 PSYoungGen      total 160768K, used 20144K [0x00000000e0000000, 0x00000000edc80000, 0x0000000100000000)
  eden space 138752K, 0% used [0x00000000e0000000,0x00000000e0000000,0x00000000e8780000)
  from space 22016K, 91% used [0x00000000e8780000,0x00000000e9b2c020,0x00000000e9d00000)
  to   space 24576K, 0% used [0x00000000ec480000,0x00000000ec480000,0x00000000edc80000)
 ParOldGen       total 100864K, used 28422K [0x00000000a0000000, 0x00000000a6280000, 0x00000000e0000000)
  object space 100864K, 28% used [0x00000000a0000000,0x00000000a1bc1bf0,0x00000000a6280000)
 Metaspace       used 57618K, capacity 59034K, committed 59136K, reserved 1099776K
  class space    used 7614K, capacity 7916K, committed 7936K, reserved 1048576K
}
Event: 22.081 GC heap before
{Heap before GC invocations=18 (full 3):
 PSYoungGen      total 160768K, used 20144K [0x00000000e0000000, 0x00000000edc80000, 0x0000000100000000)
  eden space 138752K, 0% used [0x00000000e0000000,0x00000000e0000000,0x00000000e8780000)
  from space 22016K, 91% used [0x00000000e8780000,0x00000000e9b2c020,0x00000000e9d00000)
  to   space 24576K, 0% used [0x00000000ec480000,0x00000000ec480000,0x00000000edc80000)
 ParOldGen       total 100864K, used 28422K [0x00000000a0000000, 0x00000000a6280000, 0x00000000e0000000)
  object space 100864K, 28% used [0x00000000a0000000,0x00000000a1bc1bf0,0x00000000a6280000)
 Metaspace       used 57618K, capacity 59034K, committed 59136K, reserved 1099776K
  class space    used 7614K, capacity 7916K, committed 7936K, reserved 1048576K
Event: 22.360 GC heap after
Heap after GC invocations=18 (full 3):
 PSYoungGen      total 160768K, used 0K [0x00000000e0000000, 0x00000000edc80000, 0x0000000100000000)
  eden space 138752K, 0% used [0x00000000e0000000,0x00000000e0000000,0x00000000e8780000)
  from space 22016K, 0% used [0x00000000e8780000,0x00000000e8780000,0x00000000e9d00000)
  to   space 24576K, 0% used [0x00000000ec480000,0x00000000ec480000,0x00000000edc80000)
 ParOldGen       total 150016K, used 33960K [0x00000000a0000000, 0x00000000a9280000, 0x00000000e0000000)
  object space 150016K, 22% used [0x00000000a0000000,0x00000000a212a128,0x00000000a9280000)
 Metaspace       used 57603K, capacity 58994K, committed 59136K, reserved 1099776K
  class space    used 7609K, capacity 7906K, committed 7936K, reserved 1048576K
}
Event: 24.281 GC heap before
{Heap before GC invocations=19 (full 3):
 PSYoungGen      total 160768K, used 138385K [0x00000000e0000000, 0x00000000edc80000, 0x0000000100000000)
  eden space 138752K, 99% used [0x00000000e0000000,0x00000000e87244b0,0x00000000e8780000)
  from space 22016K, 0% used [0x00000000e8780000,0x00000000e8780000,0x00000000e9d00000)
  to   space 24576K, 0% used [0x00000000ec480000,0x00000000ec480000,0x00000000edc80000)
 ParOldGen       total 150016K, used 33960K [0x00000000a0000000, 0x00000000a9280000, 0x00000000e0000000)
  object space 150016K, 22% used [0x00000000a0000000,0x00000000a212a128,0x00000000a9280000)
 Metaspace       used 61637K, capacity 63164K, committed 63360K, reserved 1103872K
  class space    used 7968K, capacity 8307K, committed 8320K, reserved 1048576K
Event: 24.306 GC heap after
Heap after GC invocations=19 (full 3):
 PSYoungGen      total 198656K, used 21749K [0x00000000e0000000, 0x00000000edf00000, 0x0000000100000000)
  eden space 174080K, 0% used [0x00000000e0000000,0x00000000e0000000,0x00000000eaa00000)
  from space 24576K, 88% used [0x00000000ec480000,0x00000000ed9bd4a0,0x00000000edc80000)
  to   space 27136K, 0% used [0x00000000eaa00000,0x00000000eaa00000,0x00000000ec480000)
 ParOldGen       total 150016K, used 33968K [0x00000000a0000000, 0x00000000a9280000, 0x00000000e0000000)
  object space 150016K, 22% used [0x00000000a0000000,0x00000000a212c128,0x00000000a9280000)
 Metaspace       used 61637K, capacity 63164K, committed 63360K, reserved 1103872K
  class space    used 7968K, capacity 8307K, committed 8320K, reserved 1048576K
}
Event: 24.340 GC heap before
{Heap before GC invocations=20 (full 3):
 PSYoungGen      total 198656K, used 195538K [0x00000000e0000000, 0x00000000edf00000, 0x0000000100000000)
  eden space 174080K, 99% used [0x00000000e0000000,0x00000000ea9b7548,0x00000000eaa00000)
  from space 24576K, 88% used [0x00000000ec480000,0x00000000ed9bd4a0,0x00000000edc80000)
  to   space 27136K, 0% used [0x00000000eaa00000,0x00000000eaa00000,0x00000000ec480000)
 ParOldGen       total 150016K, used 33968K [0x00000000a0000000, 0x00000000a9280000, 0x00000000e0000000)
  object space 150016K, 22% used [0x00000000a0000000,0x00000000a212c128,0x00000000a9280000)
 Metaspace       used 61642K, capacity 63164K, committed 63360K, reserved 1103872K
  class space    used 7968K, capacity 8307K, committed 8320K, reserved 1048576K
Event: 24.361 GC heap after
Heap after GC invocations=20 (full 3):
 PSYoungGen      total 201216K, used 20335K [0x00000000e0000000, 0x00000000edf00000, 0x0000000100000000)
  eden space 174080K, 0% used [0x00000000e0000000,0x00000000e0000000,0x00000000eaa00000)
  from space 27136K, 74% used [0x00000000eaa00000,0x00000000ebddbd10,0x00000000ec480000)
  to   space 24576K, 0% used [0x00000000ec480000,0x00000000ec480000,0x00000000edc80000)
 ParOldGen       total 150016K, used 33976K [0x00000000a0000000, 0x00000000a9280000, 0x00000000e0000000)
  object space 150016K, 22% used [0x00000000a0000000,0x00000000a212e128,0x00000000a9280000)
 Metaspace       used 61642K, capacity 63164K, committed 63360K, reserved 1103872K
  class space    used 7968K, capacity 8307K, committed 8320K, reserved 1048576K
}
Event: 24.955 GC heap before
{Heap before GC invocations=21 (full 3):
 PSYoungGen      total 201216K, used 194415K [0x00000000e0000000, 0x00000000edf00000, 0x0000000100000000)
  eden space 174080K, 100% used [0x00000000e0000000,0x00000000eaa00000,0x00000000eaa00000)
  from space 27136K, 74% used [0x00000000eaa00000,0x00000000ebddbd10,0x00000000ec480000)
  to   space 24576K, 0% used [0x00000000ec480000,0x00000000ec480000,0x00000000edc80000)
 ParOldGen       total 150016K, used 33976K [0x00000000a0000000, 0x00000000a9280000, 0x00000000e0000000)
  object space 150016K, 22% used [0x00000000a0000000,0x00000000a212e128,0x00000000a9280000)
 Metaspace       used 62895K, capacity 64486K, committed 64640K, reserved 1105920K
  class space    used 8116K, capacity 8460K, committed 8576K, reserved 1048576K
Event: 24.986 GC heap after
Heap after GC invocations=21 (full 3):
 PSYoungGen      total 198656K, used 22500K [0x00000000e0000000, 0x00000000edf00000, 0x0000000100000000)
  eden space 174080K, 0% used [0x00000000e0000000,0x00000000e0000000,0x00000000eaa00000)
  from space 24576K, 91% used [0x00000000ec480000,0x00000000eda791c8,0x00000000edc80000)
  to   space 27136K, 0% used [0x00000000eaa00000,0x00000000eaa00000,0x00000000ec480000)
 ParOldGen       total 150016K, used 33984K [0x00000000a0000000, 0x00000000a9280000, 0x00000000e0000000)
  object space 150016K, 22% used [0x00000000a0000000,0x00000000a2130128,0x00000000a9280000)
 Metaspace       used 62895K, capacity 64486K, committed 64640K, reserved 1105920K
  class space    used 8116K, capacity 8460K, committed 8576K, reserved 1048576K
}

