# JRE version: OpenJDK Runtime Environment (8.0_76-b03) (build 1.8.0_76-release-b03)
# Java VM: OpenJDK 64-Bit Server VM (25.76-b03 mixed mode windows-amd64 compressed oops)
Heap:
 PSYoungGen      total 226816K, used 106772K [0x00000000e0000000, 0x00000000f4880000, 0x0000000100000000)
  eden space 167936K, 28% used [0x00000000e0000000,0x00000000e2eccfd0,0x00000000ea400000)
  from space 58880K, 99% used [0x00000000ea400000,0x00000000edd78080,0x00000000edd80000)
  to   space 69120K, 0% used [0x00000000f0500000,0x00000000f0500000,0x00000000f4880000)
 ParOldGen       total 160768K, used 75538K [0x00000000a0000000, 0x00000000a9d00000, 0x00000000e0000000)
  object space 160768K, 46% used [0x00000000a0000000,0x00000000a49c4be0,0x00000000a9d00000)
 Metaspace       used 66835K, capacity 68612K, committed 68864K, reserved 1110016K
  class space    used 8501K, capacity 8889K, committed 8960K, reserved 1048576K
GC Heap History (10 events):
Event: 13.814 GC heap before
{Heap before GC invocations=18 (full 3):
 PSYoungGen      total 145408K, used 22503K [0x00000000e0000000, 0x00000000ece00000, 0x0000000100000000)
  eden space 122880K, 0% used [0x00000000e0000000,0x00000000e0000000,0x00000000e7800000)
  from space 22528K, 99% used [0x00000000e7800000,0x00000000e8df9eb0,0x00000000e8e00000)
  to   space 28160K, 0% used [0x00000000eb280000,0x00000000eb280000,0x00000000ece00000)
 ParOldGen       total 103424K, used 38834K [0x00000000a0000000, 0x00000000a6500000, 0x00000000e0000000)
  object space 103424K, 37% used [0x00000000a0000000,0x00000000a25eca28,0x00000000a6500000)
 Metaspace       used 57716K, capacity 59058K, committed 59136K, reserved 1099776K
  class space    used 7590K, capacity 7882K, committed 7936K, reserved 1048576K
Event: 14.094 GC heap after
Heap after GC invocations=18 (full 3):
 PSYoungGen      total 145408K, used 0K [0x00000000e0000000, 0x00000000ece00000, 0x0000000100000000)
  eden space 122880K, 0% used [0x00000000e0000000,0x00000000e0000000,0x00000000e7800000)
  from space 22528K, 0% used [0x00000000e7800000,0x00000000e7800000,0x00000000e8e00000)
  to   space 28160K, 0% used [0x00000000eb280000,0x00000000eb280000,0x00000000ece00000)
 ParOldGen       total 160768K, used 36121K [0x00000000a0000000, 0x00000000a9d00000, 0x00000000e0000000)
  object space 160768K, 22% used [0x00000000a0000000,0x00000000a23467e0,0x00000000a9d00000)
 Metaspace       used 57714K, capacity 59052K, committed 59136K, reserved 1099776K
  class space    used 7589K, capacity 7881K, committed 7936K, reserved 1048576K
}
Event: 15.494 GC heap before
{Heap before GC invocations=19 (full 3):
 PSYoungGen      total 145408K, used 122880K [0x00000000e0000000, 0x00000000ece00000, 0x0000000100000000)
  eden space 122880K, 100% used [0x00000000e0000000,0x00000000e7800000,0x00000000e7800000)
  from space 22528K, 0% used [0x00000000e7800000,0x00000000e7800000,0x00000000e8e00000)
  to   space 28160K, 0% used [0x00000000eb280000,0x00000000eb280000,0x00000000ece00000)
 ParOldGen       total 160768K, used 36121K [0x00000000a0000000, 0x00000000a9d00000, 0x00000000e0000000)
  object space 160768K, 22% used [0x00000000a0000000,0x00000000a23467e0,0x00000000a9d00000)
 Metaspace       used 60887K, capacity 62360K, committed 62592K, reserved 1103872K
  class space    used 7904K, capacity 8257K, committed 8320K, reserved 1048576K
Event: 15.527 GC heap after
Heap after GC invocations=19 (full 3):
 PSYoungGen      total 174080K, used 28142K [0x00000000e0000000, 0x00000000edc00000, 0x0000000100000000)
  eden space 145920K, 0% used [0x00000000e0000000,0x00000000e0000000,0x00000000e8e80000)
  from space 28160K, 99% used [0x00000000eb280000,0x00000000ecdfbba8,0x00000000ece00000)
  to   space 36864K, 0% used [0x00000000e8e80000,0x00000000e8e80000,0x00000000eb280000)
 ParOldGen       total 160768K, used 47852K [0x00000000a0000000, 0x00000000a9d00000, 0x00000000e0000000)
  object space 160768K, 29% used [0x00000000a0000000,0x00000000a2ebb0a8,0x00000000a9d00000)
 Metaspace       used 60887K, capacity 62360K, committed 62592K, reserved 1103872K
  class space    used 7904K, capacity 8257K, committed 8320K, reserved 1048576K
}
Event: 16.100 GC heap before
{Heap before GC invocations=20 (full 3):
 PSYoungGen      total 174080K, used 174062K [0x00000000e0000000, 0x00000000edc00000, 0x0000000100000000)
  eden space 145920K, 100% used [0x00000000e0000000,0x00000000e8e80000,0x00000000e8e80000)
  from space 28160K, 99% used [0x00000000eb280000,0x00000000ecdfbba8,0x00000000ece00000)
  to   space 36864K, 0% used [0x00000000e8e80000,0x00000000e8e80000,0x00000000eb280000)
 ParOldGen       total 160768K, used 47852K [0x00000000a0000000, 0x00000000a9d00000, 0x00000000e0000000)
  object space 160768K, 29% used [0x00000000a0000000,0x00000000a2ebb0a8,0x00000000a9d00000)
 Metaspace       used 60991K, capacity 62424K, committed 62592K, reserved 1103872K
  class space    used 7906K, capacity 8257K, committed 8320K, reserved 1048576K
Event: 16.135 GC heap after
Heap after GC invocations=20 (full 3):
 PSYoungGen      total 182784K, used 36859K [0x00000000e0000000, 0x00000000f0f80000, 0x0000000100000000)
  eden space 145920K, 0% used [0x00000000e0000000,0x00000000e0000000,0x00000000e8e80000)
  from space 36864K, 99% used [0x00000000e8e80000,0x00000000eb27ec08,0x00000000eb280000)
  to   space 51200K, 0% used [0x00000000edd80000,0x00000000edd80000,0x00000000f0f80000)
 ParOldGen       total 160768K, used 70554K [0x00000000a0000000, 0x00000000a9d00000, 0x00000000e0000000)
  object space 160768K, 43% used [0x00000000a0000000,0x00000000a44e6bf0,0x00000000a9d00000)
 Metaspace       used 60991K, capacity 62424K, committed 62592K, reserved 1103872K
  class space    used 7906K, capacity 8257K, committed 8320K, reserved 1048576K
}
Event: 17.092 GC heap before
{Heap before GC invocations=21 (full 3):
 PSYoungGen      total 182784K, used 182779K [0x00000000e0000000, 0x00000000f0f80000, 0x0000000100000000)
  eden space 145920K, 100% used [0x00000000e0000000,0x00000000e8e80000,0x00000000e8e80000)
  from space 36864K, 99% used [0x00000000e8e80000,0x00000000eb27ec08,0x00000000eb280000)
  to   space 51200K, 0% used [0x00000000edd80000,0x00000000edd80000,0x00000000f0f80000)
 ParOldGen       total 160768K, used 70554K [0x00000000a0000000, 0x00000000a9d00000, 0x00000000e0000000)
  object space 160768K, 43% used [0x00000000a0000000,0x00000000a44e6bf0,0x00000000a9d00000)
 Metaspace       used 62965K, capacity 64528K, committed 64640K, reserved 1105920K
  class space    used 8161K, capacity 8517K, committed 8576K, reserved 1048576K
Event: 17.124 GC heap after
Heap after GC invocations=21 (full 3):
 PSYoungGen      total 219136K, used 48734K [0x00000000e0000000, 0x00000000f1f00000, 0x0000000100000000)
  eden space 167936K, 0% used [0x00000000e0000000,0x00000000e0000000,0x00000000ea400000)
  from space 51200K, 95% used [0x00000000edd80000,0x00000000f0d17890,0x00000000f0f80000)
  to   space 58880K, 0% used [0x00000000ea400000,0x00000000ea400000,0x00000000edd80000)
 ParOldGen       total 160768K, used 74190K [0x00000000a0000000, 0x00000000a9d00000, 0x00000000e0000000)
  object space 160768K, 46% used [0x00000000a0000000,0x00000000a4873918,0x00000000a9d00000)
 Metaspace       used 62965K, capacity 64528K, committed 64640K, reserved 1105920K
  class space    used 8161K, capacity 8517K, committed 8576K, reserved 1048576K
}
Event: 1264.270 GC heap before
{Heap before GC invocations=22 (full 3):
 PSYoungGen      total 219136K, used 216670K [0x00000000e0000000, 0x00000000f1f00000, 0x0000000100000000)
  eden space 167936K, 100% used [0x00000000e0000000,0x00000000ea400000,0x00000000ea400000)
  from space 51200K, 95% used [0x00000000edd80000,0x00000000f0d17890,0x00000000f0f80000)
  to   space 58880K, 0% used [0x00000000ea400000,0x00000000ea400000,0x00000000edd80000)
 ParOldGen       total 160768K, used 74190K [0x00000000a0000000, 0x00000000a9d00000, 0x00000000e0000000)
  object space 160768K, 46% used [0x00000000a0000000,0x00000000a4873918,0x00000000a9d00000)
 Metaspace       used 66206K, capacity 67872K, committed 67968K, reserved 1107968K
  class space    used 8447K, capacity 8803K, committed 8832K, reserved 1048576K
Event: 1264.488 GC heap after
Heap after GC invocations=22 (full 3):
 PSYoungGen      total 226816K, used 58848K [0x00000000e0000000, 0x00000000f4880000, 0x0000000100000000)
  eden space 167936K, 0% used [0x00000000e0000000,0x00000000e0000000,0x00000000ea400000)
  from space 58880K, 99% used [0x00000000ea400000,0x00000000edd78080,0x00000000edd80000)
  to   space 69120K, 0% used [0x00000000f0500000,0x00000000f0500000,0x00000000f4880000)
 ParOldGen       total 160768K, used 75538K [0x00000000a0000000, 0x00000000a9d00000, 0x00000000e0000000)
  object space 160768K, 46% used [0x00000000a0000000,0x00000000a49c4be0,0x00000000a9d00000)
 Metaspace       used 66206K, capacity 67872K, committed 67968K, reserved 1107968K
  class space    used 8447K, capacity 8803K, committed 8832K, reserved 1048576K
}

