# JRE version: OpenJDK Runtime Environment (8.0_76-b03) (build 1.8.0_76-release-b03)
# Java VM: OpenJDK 64-Bit Server VM (25.76-b03 mixed mode windows-amd64 compressed oops)
Heap:
 PSYoungGen      total 109056K, used 58954K [0x00000000e0000000, 0x00000000ea700000, 0x0000000100000000)
  eden space 98304K, 59% used [0x00000000e0000000,0x00000000e3992bf0,0x00000000e6000000)
  from space 10752K, 0% used [0x00000000e6000000,0x00000000e6000000,0x00000000e6a80000)
  to   space 12288K, 0% used [0x00000000e9b00000,0x00000000e9b00000,0x00000000ea700000)
 ParOldGen       total 65536K, used 17992K [0x00000000a0000000, 0x00000000a4000000, 0x00000000e0000000)
  object space 65536K, 27% used [0x00000000a0000000,0x00000000a1192160,0x00000000a4000000)
 Metaspace       used 39208K, capacity 39888K, committed 40192K, reserved 1083392K
  class space    used 5325K, capacity 5517K, committed 5632K, reserved 1048576K
GC Heap History (10 events):
Event: 3.072 GC heap before
{Heap before GC invocations=5 (full 1):
 PSYoungGen      total 71680K, used 5107K [0x00000000e0000000, 0x00000000e4b00000, 0x0000000100000000)
  eden space 66560K, 0% used [0x00000000e0000000,0x00000000e0000000,0x00000000e4100000)
  from space 5120K, 99% used [0x00000000e4600000,0x00000000e4afcfe0,0x00000000e4b00000)
  to   space 5120K, 0% used [0x00000000e4100000,0x00000000e4100000,0x00000000e4600000)
 ParOldGen       total 87552K, used 8765K [0x00000000a0000000, 0x00000000a5580000, 0x00000000e0000000)
  object space 87552K, 10% used [0x00000000a0000000,0x00000000a088f4a0,0x00000000a5580000)
 Metaspace       used 20814K, capacity 21096K, committed 21296K, reserved 1067008K
  class space    used 2756K, capacity 2867K, committed 2944K, reserved 1048576K
Event: 3.115 GC heap after
Heap after GC invocations=5 (full 1):
 PSYoungGen      total 71680K, used 0K [0x00000000e0000000, 0x00000000e4b00000, 0x0000000100000000)
  eden space 66560K, 0% used [0x00000000e0000000,0x00000000e0000000,0x00000000e4100000)
  from space 5120K, 0% used [0x00000000e4600000,0x00000000e4600000,0x00000000e4b00000)
  to   space 5120K, 0% used [0x00000000e4100000,0x00000000e4100000,0x00000000e4600000)
 ParOldGen       total 65536K, used 9450K [0x00000000a0000000, 0x00000000a4000000, 0x00000000e0000000)
  object space 65536K, 14% used [0x00000000a0000000,0x00000000a093a9f0,0x00000000a4000000)
 Metaspace       used 20814K, capacity 21096K, committed 21296K, reserved 1067008K
  class space    used 2756K, capacity 2867K, committed 2944K, reserved 1048576K
}
Event: 4.236 GC heap before
{Heap before GC invocations=6 (full 1):
 PSYoungGen      total 71680K, used 66560K [0x00000000e0000000, 0x00000000e4b00000, 0x0000000100000000)
  eden space 66560K, 100% used [0x00000000e0000000,0x00000000e4100000,0x00000000e4100000)
  from space 5120K, 0% used [0x00000000e4600000,0x00000000e4600000,0x00000000e4b00000)
  to   space 5120K, 0% used [0x00000000e4100000,0x00000000e4100000,0x00000000e4600000)
 ParOldGen       total 65536K, used 9450K [0x00000000a0000000, 0x00000000a4000000, 0x00000000e0000000)
  object space 65536K, 14% used [0x00000000a0000000,0x00000000a093a9f0,0x00000000a4000000)
 Metaspace       used 26067K, capacity 26492K, committed 26752K, reserved 1073152K
  class space    used 3587K, capacity 3695K, committed 3712K, reserved 1048576K
Event: 4.254 GC heap after
Heap after GC invocations=6 (full 1):
 PSYoungGen      total 71680K, used 5119K [0x00000000e0000000, 0x00000000e7800000, 0x0000000100000000)
  eden space 66560K, 0% used [0x00000000e0000000,0x00000000e0000000,0x00000000e4100000)
  from space 5120K, 99% used [0x00000000e4100000,0x00000000e45ffe40,0x00000000e4600000)
  to   space 11264K, 0% used [0x00000000e6d00000,0x00000000e6d00000,0x00000000e7800000)
 ParOldGen       total 65536K, used 12317K [0x00000000a0000000, 0x00000000a4000000, 0x00000000e0000000)
  object space 65536K, 18% used [0x00000000a0000000,0x00000000a0c07610,0x00000000a4000000)
 Metaspace       used 26067K, capacity 26492K, committed 26752K, reserved 1073152K
  class space    used 3587K, capacity 3695K, committed 3712K, reserved 1048576K
}
Event: 5.371 GC heap before
{Heap before GC invocations=7 (full 1):
 PSYoungGen      total 71680K, used 71679K [0x00000000e0000000, 0x00000000e7800000, 0x0000000100000000)
  eden space 66560K, 100% used [0x00000000e0000000,0x00000000e4100000,0x00000000e4100000)
  from space 5120K, 99% used [0x00000000e4100000,0x00000000e45ffe40,0x00000000e4600000)
  to   space 11264K, 0% used [0x00000000e6d00000,0x00000000e6d00000,0x00000000e7800000)
 ParOldGen       total 65536K, used 12317K [0x00000000a0000000, 0x00000000a4000000, 0x00000000e0000000)
  object space 65536K, 18% used [0x00000000a0000000,0x00000000a0c07610,0x00000000a4000000)
 Metaspace       used 29472K, capacity 29874K, committed 30080K, reserved 1075200K
  class space    used 3994K, capacity 4117K, committed 4224K, reserved 1048576K
Event: 5.378 GC heap after
Heap after GC invocations=7 (full 1):
 PSYoungGen      total 106496K, used 6540K [0x00000000e0000000, 0x00000000e7500000, 0x0000000100000000)
  eden space 98304K, 0% used [0x00000000e0000000,0x00000000e0000000,0x00000000e6000000)
  from space 8192K, 79% used [0x00000000e6d00000,0x00000000e73632d8,0x00000000e7500000)
  to   space 10752K, 0% used [0x00000000e6000000,0x00000000e6000000,0x00000000e6a80000)
 ParOldGen       total 65536K, used 12389K [0x00000000a0000000, 0x00000000a4000000, 0x00000000e0000000)
  object space 65536K, 18% used [0x00000000a0000000,0x00000000a0c19620,0x00000000a4000000)
 Metaspace       used 29472K, capacity 29874K, committed 30080K, reserved 1075200K
  class space    used 3994K, capacity 4117K, committed 4224K, reserved 1048576K
}
Event: 6.188 GC heap before
{Heap before GC invocations=8 (full 1):
 PSYoungGen      total 106496K, used 84660K [0x00000000e0000000, 0x00000000e7500000, 0x0000000100000000)
  eden space 98304K, 79% used [0x00000000e0000000,0x00000000e4c4a030,0x00000000e6000000)
  from space 8192K, 79% used [0x00000000e6d00000,0x00000000e73632d8,0x00000000e7500000)
  to   space 10752K, 0% used [0x00000000e6000000,0x00000000e6000000,0x00000000e6a80000)
 ParOldGen       total 65536K, used 12389K [0x00000000a0000000, 0x00000000a4000000, 0x00000000e0000000)
  object space 65536K, 18% used [0x00000000a0000000,0x00000000a0c19620,0x00000000a4000000)
 Metaspace       used 34841K, capacity 35334K, committed 35496K, reserved 1079296K
  class space    used 4673K, capacity 4833K, committed 4864K, reserved 1048576K
Event: 6.201 GC heap after
Heap after GC invocations=8 (full 1):
 PSYoungGen      total 109056K, used 10737K [0x00000000e0000000, 0x00000000ea700000, 0x0000000100000000)
  eden space 98304K, 0% used [0x00000000e0000000,0x00000000e0000000,0x00000000e6000000)
  from space 10752K, 99% used [0x00000000e6000000,0x00000000e6a7c6f0,0x00000000e6a80000)
  to   space 12288K, 0% used [0x00000000e9b00000,0x00000000e9b00000,0x00000000ea700000)
 ParOldGen       total 65536K, used 13138K [0x00000000a0000000, 0x00000000a4000000, 0x00000000e0000000)
  object space 65536K, 20% used [0x00000000a0000000,0x00000000a0cd4a70,0x00000000a4000000)
 Metaspace       used 34841K, capacity 35334K, committed 35496K, reserved 1079296K
  class space    used 4673K, capacity 4833K, committed 4864K, reserved 1048576K
}
Event: 6.202 GC heap before
{Heap before GC invocations=9 (full 2):
 PSYoungGen      total 109056K, used 10737K [0x00000000e0000000, 0x00000000ea700000, 0x0000000100000000)
  eden space 98304K, 0% used [0x00000000e0000000,0x00000000e0000000,0x00000000e6000000)
  from space 10752K, 99% used [0x00000000e6000000,0x00000000e6a7c6f0,0x00000000e6a80000)
  to   space 12288K, 0% used [0x00000000e9b00000,0x00000000e9b00000,0x00000000ea700000)
 ParOldGen       total 65536K, used 13138K [0x00000000a0000000, 0x00000000a4000000, 0x00000000e0000000)
  object space 65536K, 20% used [0x00000000a0000000,0x00000000a0cd4a70,0x00000000a4000000)
 Metaspace       used 34841K, capacity 35334K, committed 35496K, reserved 1079296K
  class space    used 4673K, capacity 4833K, committed 4864K, reserved 1048576K
Event: 6.292 GC heap after
Heap after GC invocations=9 (full 2):
 PSYoungGen      total 109056K, used 0K [0x00000000e0000000, 0x00000000ea700000, 0x0000000100000000)
  eden space 98304K, 0% used [0x00000000e0000000,0x00000000e0000000,0x00000000e6000000)
  from space 10752K, 0% used [0x00000000e6000000,0x00000000e6000000,0x00000000e6a80000)
  to   space 12288K, 0% used [0x00000000e9b00000,0x00000000e9b00000,0x00000000ea700000)
 ParOldGen       total 65536K, used 17992K [0x00000000a0000000, 0x00000000a4000000, 0x00000000e0000000)
  object space 65536K, 27% used [0x00000000a0000000,0x00000000a1192160,0x00000000a4000000)
 Metaspace       used 34841K, capacity 35334K, committed 35496K, reserved 1079296K
  class space    used 4673K, capacity 4833K, committed 4864K, reserved 1048576K
}

